<?xml version="1.0" encoding="UTF-8"?>
<testsuite xmlns:xsi="http://www.w3.org/2001/XMLSchema-instance" xsi:noNamespaceSchemaLocation="https://maven.apache.org/surefire/maven-surefire-plugin/xsd/surefire-test-report.xsd" name="com.pivovarit.movies.ContractVerifierTest" time="4.622" tests="2" errors="0" skipped="0" failures="0">
  <properties>
    <property name="gopherProxySet" value="false"/>
    <property name="awt.toolkit" value="sun.lwawt.macosx.LWCToolkit"/>
    <property name="java.specification.version" value="11"/>
    <property name="sun.cpu.isalist" value=""/>
    <property name="sun.jnu.encoding" value="UTF-8"/>
    <property name="java.class.path" value="/Users/grzegorzpiwowarek/Dev/workshop/cpg_sa/movie-details-service/target/test-classes:/Users/grzegorzpiwowarek/Dev/workshop/cpg_sa/movie-details-service/target/classes:/Users/grzegorzpiwowarek/.m2/repository/org/springframework/boot/spring-boot-starter-web/2.1.3.RELEASE/spring-boot-starter-web-2.1.3.RELEASE.jar:/Users/grzegorzpiwowarek/.m2/repository/org/springframework/boot/spring-boot-starter/2.1.3.RELEASE/spring-boot-starter-2.1.3.RELEASE.jar:/Users/grzegorzpiwowarek/.m2/repository/org/springframework/boot/spring-boot/2.1.3.RELEASE/spring-boot-2.1.3.RELEASE.jar:/Users/grzegorzpiwowarek/.m2/repository/org/springframework/boot/spring-boot-autoconfigure/2.1.3.RELEASE/spring-boot-autoconfigure-2.1.3.RELEASE.jar:/Users/grzegorzpiwowarek/.m2/repository/org/springframework/boot/spring-boot-starter-logging/2.1.3.RELEASE/spring-boot-starter-logging-2.1.3.RELEASE.jar:/Users/grzegorzpiwowarek/.m2/repository/ch/qos/logback/logback-classic/1.2.3/logback-classic-1.2.3.jar:/Users/grzegorzpiwowarek/.m2/repository/ch/qos/logback/logback-core/1.2.3/logback-core-1.2.3.jar:/Users/grzegorzpiwowarek/.m2/repository/org/apache/logging/log4j/log4j-to-slf4j/2.11.2/log4j-to-slf4j-2.11.2.jar:/Users/grzegorzpiwowarek/.m2/repository/org/apache/logging/log4j/log4j-api/2.11.2/log4j-api-2.11.2.jar:/Users/grzegorzpiwowarek/.m2/repository/org/slf4j/jul-to-slf4j/1.7.25/jul-to-slf4j-1.7.25.jar:/Users/grzegorzpiwowarek/.m2/repository/javax/annotation/javax.annotation-api/1.3.2/javax.annotation-api-1.3.2.jar:/Users/grzegorzpiwowarek/.m2/repository/org/yaml/snakeyaml/1.23/snakeyaml-1.23.jar:/Users/grzegorzpiwowarek/.m2/repository/org/springframework/boot/spring-boot-starter-json/2.1.3.RELEASE/spring-boot-starter-json-2.1.3.RELEASE.jar:/Users/grzegorzpiwowarek/.m2/repository/com/fasterxml/jackson/core/jackson-databind/2.9.8/jackson-databind-2.9.8.jar:/Users/grzegorzpiwowarek/.m2/repository/com/fasterxml/jackson/core/jackson-annotations/2.9.0/jackson-annotations-2.9.0.jar:/Users/grzegorzpiwowarek/.m2/repository/com/fasterxml/jackson/core/jackson-core/2.9.8/jackson-core-2.9.8.jar:/Users/grzegorzpiwowarek/.m2/repository/com/fasterxml/jackson/datatype/jackson-datatype-jdk8/2.9.8/jackson-datatype-jdk8-2.9.8.jar:/Users/grzegorzpiwowarek/.m2/repository/com/fasterxml/jackson/datatype/jackson-datatype-jsr310/2.9.8/jackson-datatype-jsr310-2.9.8.jar:/Users/grzegorzpiwowarek/.m2/repository/com/fasterxml/jackson/module/jackson-module-parameter-names/2.9.8/jackson-module-parameter-names-2.9.8.jar:/Users/grzegorzpiwowarek/.m2/repository/org/springframework/boot/spring-boot-starter-tomcat/2.1.3.RELEASE/spring-boot-starter-tomcat-2.1.3.RELEASE.jar:/Users/grzegorzpiwowarek/.m2/repository/org/apache/tomcat/embed/tomcat-embed-core/9.0.16/tomcat-embed-core-9.0.16.jar:/Users/grzegorzpiwowarek/.m2/repository/org/apache/tomcat/embed/tomcat-embed-el/9.0.16/tomcat-embed-el-9.0.16.jar:/Users/grzegorzpiwowarek/.m2/repository/org/apache/tomcat/embed/tomcat-embed-websocket/9.0.16/tomcat-embed-websocket-9.0.16.jar:/Users/grzegorzpiwowarek/.m2/repository/org/hibernate/validator/hibernate-validator/6.0.14.Final/hibernate-validator-6.0.14.Final.jar:/Users/grzegorzpiwowarek/.m2/repository/javax/validation/validation-api/2.0.1.Final/validation-api-2.0.1.Final.jar:/Users/grzegorzpiwowarek/.m2/repository/org/jboss/logging/jboss-logging/3.3.2.Final/jboss-logging-3.3.2.Final.jar:/Users/grzegorzpiwowarek/.m2/repository/com/fasterxml/classmate/1.4.0/classmate-1.4.0.jar:/Users/grzegorzpiwowarek/.m2/repository/org/springframework/spring-web/5.1.5.RELEASE/spring-web-5.1.5.RELEASE.jar:/Users/grzegorzpiwowarek/.m2/repository/org/springframework/spring-beans/5.1.5.RELEASE/spring-beans-5.1.5.RELEASE.jar:/Users/grzegorzpiwowarek/.m2/repository/org/springframework/spring-webmvc/5.1.5.RELEASE/spring-webmvc-5.1.5.RELEASE.jar:/Users/grzegorzpiwowarek/.m2/repository/org/springframework/spring-aop/5.1.5.RELEASE/spring-aop-5.1.5.RELEASE.jar:/Users/grzegorzpiwowarek/.m2/repository/org/springframework/spring-context/5.1.5.RELEASE/spring-context-5.1.5.RELEASE.jar:/Users/grzegorzpiwowarek/.m2/repository/org/springframework/spring-expression/5.1.5.RELEASE/spring-expression-5.1.5.RELEASE.jar:/Users/grzegorzpiwowarek/.m2/repository/org/projectlombok/lombok/1.18.6/lombok-1.18.6.jar:/Users/grzegorzpiwowarek/.m2/repository/org/springframework/boot/spring-boot-starter-test/2.1.3.RELEASE/spring-boot-starter-test-2.1.3.RELEASE.jar:/Users/grzegorzpiwowarek/.m2/repository/org/springframework/boot/spring-boot-test/2.1.3.RELEASE/spring-boot-test-2.1.3.RELEASE.jar:/Users/grzegorzpiwowarek/.m2/repository/org/springframework/boot/spring-boot-test-autoconfigure/2.1.3.RELEASE/spring-boot-test-autoconfigure-2.1.3.RELEASE.jar:/Users/grzegorzpiwowarek/.m2/repository/com/jayway/jsonpath/json-path/2.4.0/json-path-2.4.0.jar:/Users/grzegorzpiwowarek/.m2/repository/net/minidev/json-smart/2.3/json-smart-2.3.jar:/Users/grzegorzpiwowarek/.m2/repository/net/minidev/accessors-smart/1.2/accessors-smart-1.2.jar:/Users/grzegorzpiwowarek/.m2/repository/org/slf4j/slf4j-api/1.7.25/slf4j-api-1.7.25.jar:/Users/grzegorzpiwowarek/.m2/repository/junit/junit/4.12/junit-4.12.jar:/Users/grzegorzpiwowarek/.m2/repository/org/assertj/assertj-core/3.11.1/assertj-core-3.11.1.jar:/Users/grzegorzpiwowarek/.m2/repository/org/mockito/mockito-core/2.23.4/mockito-core-2.23.4.jar:/Users/grzegorzpiwowarek/.m2/repository/net/bytebuddy/byte-buddy/1.9.10/byte-buddy-1.9.10.jar:/Users/grzegorzpiwowarek/.m2/repository/net/bytebuddy/byte-buddy-agent/1.9.10/byte-buddy-agent-1.9.10.jar:/Users/grzegorzpiwowarek/.m2/repository/org/objenesis/objenesis/2.6/objenesis-2.6.jar:/Users/grzegorzpiwowarek/.m2/repository/org/hamcrest/hamcrest-core/1.3/hamcrest-core-1.3.jar:/Users/grzegorzpiwowarek/.m2/repository/org/hamcrest/hamcrest-library/1.3/hamcrest-library-1.3.jar:/Users/grzegorzpiwowarek/.m2/repository/org/skyscreamer/jsonassert/1.5.0/jsonassert-1.5.0.jar:/Users/grzegorzpiwowarek/.m2/repository/com/vaadin/external/google/android-json/0.0.20131108.vaadin1/android-json-0.0.20131108.vaadin1.jar:/Users/grzegorzpiwowarek/.m2/repository/org/springframework/spring-core/5.1.5.RELEASE/spring-core-5.1.5.RELEASE.jar:/Users/grzegorzpiwowarek/.m2/repository/org/springframework/spring-jcl/5.1.5.RELEASE/spring-jcl-5.1.5.RELEASE.jar:/Users/grzegorzpiwowarek/.m2/repository/org/springframework/spring-test/5.1.5.RELEASE/spring-test-5.1.5.RELEASE.jar:/Users/grzegorzpiwowarek/.m2/repository/org/xmlunit/xmlunit-core/2.6.2/xmlunit-core-2.6.2.jar:/Users/grzegorzpiwowarek/.m2/repository/javax/xml/bind/jaxb-api/2.3.1/jaxb-api-2.3.1.jar:/Users/grzegorzpiwowarek/.m2/repository/javax/activation/javax.activation-api/1.2.0/javax.activation-api-1.2.0.jar:/Users/grzegorzpiwowarek/.m2/repository/org/springframework/cloud/spring-cloud-starter-contract-verifier/2.1.0.RELEASE/spring-cloud-starter-contract-verifier-2.1.0.RELEASE.jar:/Users/grzegorzpiwowarek/.m2/repository/org/springframework/cloud/spring-cloud-contract-verifier/2.1.0.RELEASE/spring-cloud-contract-verifier-2.1.0.RELEASE.jar:/Users/grzegorzpiwowarek/.m2/repository/org/springframework/cloud/spring-cloud-contract-spec/2.1.0.RELEASE/spring-cloud-contract-spec-2.1.0.RELEASE.jar:/Users/grzegorzpiwowarek/.m2/repository/dk/brics/automaton/automaton/1.11-8/automaton-1.11-8.jar:/Users/grzegorzpiwowarek/.m2/repository/org/apache/commons/commons-text/1.6/commons-text-1.6.jar:/Users/grzegorzpiwowarek/.m2/repository/javax/inject/javax.inject/1/javax.inject-1.jar:/Users/grzegorzpiwowarek/.m2/repository/com/github/tomakehurst/wiremock-standalone/2.20.0/wiremock-standalone-2.20.0.jar:/Users/grzegorzpiwowarek/.m2/repository/com/rackspace/eclipse/webtools/sourceediting/org.eclipse.wst.xml.xpath2.processor/2.1.100/org.eclipse.wst.xml.xpath2.processor-2.1.100.jar:/Users/grzegorzpiwowarek/.m2/repository/edu/princeton/cup/java-cup/10k/java-cup-10k.jar:/Users/grzegorzpiwowarek/.m2/repository/com/ibm/icu/icu4j/4.6/icu4j-4.6.jar:/Users/grzegorzpiwowarek/.m2/repository/org/codehaus/groovy/groovy/2.5.6/groovy-2.5.6.jar:/Users/grzegorzpiwowarek/.m2/repository/org/codehaus/groovy/groovy-nio/2.5.6/groovy-nio-2.5.6.jar:/Users/grzegorzpiwowarek/.m2/repository/org/codehaus/groovy/groovy-json/2.5.6/groovy-json-2.5.6.jar:/Users/grzegorzpiwowarek/.m2/repository/org/codehaus/groovy/groovy-xml/2.5.6/groovy-xml-2.5.6.jar:/Users/grzegorzpiwowarek/.m2/repository/com/github/jknack/handlebars/4.1.2/handlebars-4.1.2.jar:/Users/grzegorzpiwowarek/.m2/repository/commons-beanutils/commons-beanutils/1.9.3/commons-beanutils-1.9.3.jar:/Users/grzegorzpiwowarek/.m2/repository/commons-logging/commons-logging/1.2/commons-logging-1.2.jar:/Users/grzegorzpiwowarek/.m2/repository/commons-collections/commons-collections/3.2.2/commons-collections-3.2.2.jar:/Users/grzegorzpiwowarek/.m2/repository/com/fasterxml/jackson/dataformat/jackson-dataformat-yaml/2.9.8/jackson-dataformat-yaml-2.9.8.jar:/Users/grzegorzpiwowarek/.m2/repository/org/junit/jupiter/junit-jupiter-api/5.3.2/junit-jupiter-api-5.3.2.jar:/Users/grzegorzpiwowarek/.m2/repository/org/apiguardian/apiguardian-api/1.0.0/apiguardian-api-1.0.0.jar:/Users/grzegorzpiwowarek/.m2/repository/org/opentest4j/opentest4j/1.1.1/opentest4j-1.1.1.jar:/Users/grzegorzpiwowarek/.m2/repository/org/junit/platform/junit-platform-commons/1.3.2/junit-platform-commons-1.3.2.jar:/Users/grzegorzpiwowarek/.m2/repository/io/rest-assured/rest-assured/3.1.1/rest-assured-3.1.1.jar:/Users/grzegorzpiwowarek/.m2/repository/org/apache/httpcomponents/httpclient/4.5.7/httpclient-4.5.7.jar:/Users/grzegorzpiwowarek/.m2/repository/org/apache/httpcomponents/httpcore/4.4.11/httpcore-4.4.11.jar:/Users/grzegorzpiwowarek/.m2/repository/commons-codec/commons-codec/1.11/commons-codec-1.11.jar:/Users/grzegorzpiwowarek/.m2/repository/org/apache/httpcomponents/httpmime/4.5.7/httpmime-4.5.7.jar:/Users/grzegorzpiwowarek/.m2/repository/org/ccil/cowan/tagsoup/tagsoup/1.2.1/tagsoup-1.2.1.jar:/Users/grzegorzpiwowarek/.m2/repository/io/rest-assured/json-path/3.1.1/json-path-3.1.1.jar:/Users/grzegorzpiwowarek/.m2/repository/io/rest-assured/rest-assured-common/3.1.1/rest-assured-common-3.1.1.jar:/Users/grzegorzpiwowarek/.m2/repository/io/rest-assured/xml-path/3.1.1/xml-path-3.1.1.jar:/Users/grzegorzpiwowarek/.m2/repository/org/apache/commons/commons-lang3/3.8.1/commons-lang3-3.8.1.jar:/Users/grzegorzpiwowarek/.m2/repository/io/rest-assured/spring-mock-mvc/3.1.1/spring-mock-mvc-3.1.1.jar:/Users/grzegorzpiwowarek/.m2/repository/com/toomuchcoding/jsonassert/jsonassert/0.4.13/jsonassert-0.4.13.jar:/Users/grzegorzpiwowarek/.m2/repository/cglib/cglib/3.2.9/cglib-3.2.9.jar:/Users/grzegorzpiwowarek/.m2/repository/org/ow2/asm/asm/7.0/asm-7.0.jar:/Users/grzegorzpiwowarek/.m2/repository/org/apache/ant/ant/1.10.3/ant-1.10.3.jar:/Users/grzegorzpiwowarek/.m2/repository/org/apache/ant/ant-launcher/1.10.3/ant-launcher-1.10.3.jar:/Users/grzegorzpiwowarek/.m2/repository/org/springframework/cloud/spring-cloud-starter-contract-stub-runner/2.1.0.RELEASE/spring-cloud-starter-contract-stub-runner-2.1.0.RELEASE.jar:/Users/grzegorzpiwowarek/.m2/repository/org/springframework/cloud/spring-cloud-contract-stub-runner/2.1.0.RELEASE/spring-cloud-contract-stub-runner-2.1.0.RELEASE.jar:/Users/grzegorzpiwowarek/.m2/repository/org/springframework/cloud/spring-cloud-contract-shade/2.1.0.RELEASE/spring-cloud-contract-shade-2.1.0.RELEASE.jar:/Users/grzegorzpiwowarek/.m2/repository/org/eclipse/jgit/org.eclipse.jgit/5.1.3.201810200350-r/org.eclipse.jgit-5.1.3.201810200350-r.jar:/Users/grzegorzpiwowarek/.m2/repository/com/jcraft/jsch/0.1.54/jsch-0.1.54.jar:/Users/grzegorzpiwowarek/.m2/repository/com/jcraft/jzlib/1.1.1/jzlib-1.1.1.jar:/Users/grzegorzpiwowarek/.m2/repository/com/googlecode/javaewah/JavaEWAH/1.1.6/JavaEWAH-1.1.6.jar:/Users/grzegorzpiwowarek/.m2/repository/com/jcraft/jsch.agentproxy.sshagent/0.0.9/jsch.agentproxy.sshagent-0.0.9.jar:/Users/grzegorzpiwowarek/.m2/repository/com/jcraft/jsch.agentproxy.core/0.0.9/jsch.agentproxy.core-0.0.9.jar:/Users/grzegorzpiwowarek/.m2/repository/com/jcraft/jsch.agentproxy.jsch/0.0.9/jsch.agentproxy.jsch-0.0.9.jar:/Users/grzegorzpiwowarek/.m2/repository/com/jcraft/jsch.agentproxy.usocket-jna/0.0.9/jsch.agentproxy.usocket-jna-0.0.9.jar:/Users/grzegorzpiwowarek/.m2/repository/net/java/dev/jna/jna/4.5.2/jna-4.5.2.jar:/Users/grzegorzpiwowarek/.m2/repository/net/java/dev/jna/jna-platform/4.5.2/jna-platform-4.5.2.jar:/Users/grzegorzpiwowarek/.m2/repository/org/springframework/cloud/spring-cloud-contract-wiremock/2.1.0.RELEASE/spring-cloud-contract-wiremock-2.1.0.RELEASE.jar:/Users/grzegorzpiwowarek/.m2/repository/org/eclipse/aether/aether-api/1.1.0/aether-api-1.1.0.jar:"/>
    <property name="java.vm.vendor" value="Oracle Corporation"/>
    <property name="sun.arch.data.model" value="64"/>
    <property name="java.vendor.url" value="http://java.oracle.com/"/>
    <property name="user.timezone" value=""/>
    <property name="java.vm.specification.version" value="11"/>
    <property name="os.name" value="Mac OS X"/>
    <property name="sun.java.launcher" value="SUN_STANDARD"/>
    <property name="user.country" value="MT"/>
    <property name="sun.boot.library.path" value="/Library/Java/JavaVirtualMachines/jdk-11.0.2.jdk/Contents/Home/lib"/>
    <property name="sun.java.command" value="/Users/grzegorzpiwowarek/Dev/workshop/cpg_sa/movie-details-service/target/surefire/surefirebooter14166718366940764664.jar /Users/grzegorzpiwowarek/Dev/workshop/cpg_sa/movie-details-service/target/surefire 2019-03-08T15-12-15_384-jvmRun1 surefire11570517307940277422tmp surefire_05578945984463540631tmp"/>
    <property name="jdk.debug" value="release"/>
    <property name="surefire.test.class.path" value="/Users/grzegorzpiwowarek/Dev/workshop/cpg_sa/movie-details-service/target/test-classes:/Users/grzegorzpiwowarek/Dev/workshop/cpg_sa/movie-details-service/target/classes:/Users/grzegorzpiwowarek/.m2/repository/org/springframework/boot/spring-boot-starter-web/2.1.3.RELEASE/spring-boot-starter-web-2.1.3.RELEASE.jar:/Users/grzegorzpiwowarek/.m2/repository/org/springframework/boot/spring-boot-starter/2.1.3.RELEASE/spring-boot-starter-2.1.3.RELEASE.jar:/Users/grzegorzpiwowarek/.m2/repository/org/springframework/boot/spring-boot/2.1.3.RELEASE/spring-boot-2.1.3.RELEASE.jar:/Users/grzegorzpiwowarek/.m2/repository/org/springframework/boot/spring-boot-autoconfigure/2.1.3.RELEASE/spring-boot-autoconfigure-2.1.3.RELEASE.jar:/Users/grzegorzpiwowarek/.m2/repository/org/springframework/boot/spring-boot-starter-logging/2.1.3.RELEASE/spring-boot-starter-logging-2.1.3.RELEASE.jar:/Users/grzegorzpiwowarek/.m2/repository/ch/qos/logback/logback-classic/1.2.3/logback-classic-1.2.3.jar:/Users/grzegorzpiwowarek/.m2/repository/ch/qos/logback/logback-core/1.2.3/logback-core-1.2.3.jar:/Users/grzegorzpiwowarek/.m2/repository/org/apache/logging/log4j/log4j-to-slf4j/2.11.2/log4j-to-slf4j-2.11.2.jar:/Users/grzegorzpiwowarek/.m2/repository/org/apache/logging/log4j/log4j-api/2.11.2/log4j-api-2.11.2.jar:/Users/grzegorzpiwowarek/.m2/repository/org/slf4j/jul-to-slf4j/1.7.25/jul-to-slf4j-1.7.25.jar:/Users/grzegorzpiwowarek/.m2/repository/javax/annotation/javax.annotation-api/1.3.2/javax.annotation-api-1.3.2.jar:/Users/grzegorzpiwowarek/.m2/repository/org/yaml/snakeyaml/1.23/snakeyaml-1.23.jar:/Users/grzegorzpiwowarek/.m2/repository/org/springframework/boot/spring-boot-starter-json/2.1.3.RELEASE/spring-boot-starter-json-2.1.3.RELEASE.jar:/Users/grzegorzpiwowarek/.m2/repository/com/fasterxml/jackson/core/jackson-databind/2.9.8/jackson-databind-2.9.8.jar:/Users/grzegorzpiwowarek/.m2/repository/com/fasterxml/jackson/core/jackson-annotations/2.9.0/jackson-annotations-2.9.0.jar:/Users/grzegorzpiwowarek/.m2/repository/com/fasterxml/jackson/core/jackson-core/2.9.8/jackson-core-2.9.8.jar:/Users/grzegorzpiwowarek/.m2/repository/com/fasterxml/jackson/datatype/jackson-datatype-jdk8/2.9.8/jackson-datatype-jdk8-2.9.8.jar:/Users/grzegorzpiwowarek/.m2/repository/com/fasterxml/jackson/datatype/jackson-datatype-jsr310/2.9.8/jackson-datatype-jsr310-2.9.8.jar:/Users/grzegorzpiwowarek/.m2/repository/com/fasterxml/jackson/module/jackson-module-parameter-names/2.9.8/jackson-module-parameter-names-2.9.8.jar:/Users/grzegorzpiwowarek/.m2/repository/org/springframework/boot/spring-boot-starter-tomcat/2.1.3.RELEASE/spring-boot-starter-tomcat-2.1.3.RELEASE.jar:/Users/grzegorzpiwowarek/.m2/repository/org/apache/tomcat/embed/tomcat-embed-core/9.0.16/tomcat-embed-core-9.0.16.jar:/Users/grzegorzpiwowarek/.m2/repository/org/apache/tomcat/embed/tomcat-embed-el/9.0.16/tomcat-embed-el-9.0.16.jar:/Users/grzegorzpiwowarek/.m2/repository/org/apache/tomcat/embed/tomcat-embed-websocket/9.0.16/tomcat-embed-websocket-9.0.16.jar:/Users/grzegorzpiwowarek/.m2/repository/org/hibernate/validator/hibernate-validator/6.0.14.Final/hibernate-validator-6.0.14.Final.jar:/Users/grzegorzpiwowarek/.m2/repository/javax/validation/validation-api/2.0.1.Final/validation-api-2.0.1.Final.jar:/Users/grzegorzpiwowarek/.m2/repository/org/jboss/logging/jboss-logging/3.3.2.Final/jboss-logging-3.3.2.Final.jar:/Users/grzegorzpiwowarek/.m2/repository/com/fasterxml/classmate/1.4.0/classmate-1.4.0.jar:/Users/grzegorzpiwowarek/.m2/repository/org/springframework/spring-web/5.1.5.RELEASE/spring-web-5.1.5.RELEASE.jar:/Users/grzegorzpiwowarek/.m2/repository/org/springframework/spring-beans/5.1.5.RELEASE/spring-beans-5.1.5.RELEASE.jar:/Users/grzegorzpiwowarek/.m2/repository/org/springframework/spring-webmvc/5.1.5.RELEASE/spring-webmvc-5.1.5.RELEASE.jar:/Users/grzegorzpiwowarek/.m2/repository/org/springframework/spring-aop/5.1.5.RELEASE/spring-aop-5.1.5.RELEASE.jar:/Users/grzegorzpiwowarek/.m2/repository/org/springframework/spring-context/5.1.5.RELEASE/spring-context-5.1.5.RELEASE.jar:/Users/grzegorzpiwowarek/.m2/repository/org/springframework/spring-expression/5.1.5.RELEASE/spring-expression-5.1.5.RELEASE.jar:/Users/grzegorzpiwowarek/.m2/repository/org/projectlombok/lombok/1.18.6/lombok-1.18.6.jar:/Users/grzegorzpiwowarek/.m2/repository/org/springframework/boot/spring-boot-starter-test/2.1.3.RELEASE/spring-boot-starter-test-2.1.3.RELEASE.jar:/Users/grzegorzpiwowarek/.m2/repository/org/springframework/boot/spring-boot-test/2.1.3.RELEASE/spring-boot-test-2.1.3.RELEASE.jar:/Users/grzegorzpiwowarek/.m2/repository/org/springframework/boot/spring-boot-test-autoconfigure/2.1.3.RELEASE/spring-boot-test-autoconfigure-2.1.3.RELEASE.jar:/Users/grzegorzpiwowarek/.m2/repository/com/jayway/jsonpath/json-path/2.4.0/json-path-2.4.0.jar:/Users/grzegorzpiwowarek/.m2/repository/net/minidev/json-smart/2.3/json-smart-2.3.jar:/Users/grzegorzpiwowarek/.m2/repository/net/minidev/accessors-smart/1.2/accessors-smart-1.2.jar:/Users/grzegorzpiwowarek/.m2/repository/org/slf4j/slf4j-api/1.7.25/slf4j-api-1.7.25.jar:/Users/grzegorzpiwowarek/.m2/repository/junit/junit/4.12/junit-4.12.jar:/Users/grzegorzpiwowarek/.m2/repository/org/assertj/assertj-core/3.11.1/assertj-core-3.11.1.jar:/Users/grzegorzpiwowarek/.m2/repository/org/mockito/mockito-core/2.23.4/mockito-core-2.23.4.jar:/Users/grzegorzpiwowarek/.m2/repository/net/bytebuddy/byte-buddy/1.9.10/byte-buddy-1.9.10.jar:/Users/grzegorzpiwowarek/.m2/repository/net/bytebuddy/byte-buddy-agent/1.9.10/byte-buddy-agent-1.9.10.jar:/Users/grzegorzpiwowarek/.m2/repository/org/objenesis/objenesis/2.6/objenesis-2.6.jar:/Users/grzegorzpiwowarek/.m2/repository/org/hamcrest/hamcrest-core/1.3/hamcrest-core-1.3.jar:/Users/grzegorzpiwowarek/.m2/repository/org/hamcrest/hamcrest-library/1.3/hamcrest-library-1.3.jar:/Users/grzegorzpiwowarek/.m2/repository/org/skyscreamer/jsonassert/1.5.0/jsonassert-1.5.0.jar:/Users/grzegorzpiwowarek/.m2/repository/com/vaadin/external/google/android-json/0.0.20131108.vaadin1/android-json-0.0.20131108.vaadin1.jar:/Users/grzegorzpiwowarek/.m2/repository/org/springframework/spring-core/5.1.5.RELEASE/spring-core-5.1.5.RELEASE.jar:/Users/grzegorzpiwowarek/.m2/repository/org/springframework/spring-jcl/5.1.5.RELEASE/spring-jcl-5.1.5.RELEASE.jar:/Users/grzegorzpiwowarek/.m2/repository/org/springframework/spring-test/5.1.5.RELEASE/spring-test-5.1.5.RELEASE.jar:/Users/grzegorzpiwowarek/.m2/repository/org/xmlunit/xmlunit-core/2.6.2/xmlunit-core-2.6.2.jar:/Users/grzegorzpiwowarek/.m2/repository/javax/xml/bind/jaxb-api/2.3.1/jaxb-api-2.3.1.jar:/Users/grzegorzpiwowarek/.m2/repository/javax/activation/javax.activation-api/1.2.0/javax.activation-api-1.2.0.jar:/Users/grzegorzpiwowarek/.m2/repository/org/springframework/cloud/spring-cloud-starter-contract-verifier/2.1.0.RELEASE/spring-cloud-starter-contract-verifier-2.1.0.RELEASE.jar:/Users/grzegorzpiwowarek/.m2/repository/org/springframework/cloud/spring-cloud-contract-verifier/2.1.0.RELEASE/spring-cloud-contract-verifier-2.1.0.RELEASE.jar:/Users/grzegorzpiwowarek/.m2/repository/org/springframework/cloud/spring-cloud-contract-spec/2.1.0.RELEASE/spring-cloud-contract-spec-2.1.0.RELEASE.jar:/Users/grzegorzpiwowarek/.m2/repository/dk/brics/automaton/automaton/1.11-8/automaton-1.11-8.jar:/Users/grzegorzpiwowarek/.m2/repository/org/apache/commons/commons-text/1.6/commons-text-1.6.jar:/Users/grzegorzpiwowarek/.m2/repository/javax/inject/javax.inject/1/javax.inject-1.jar:/Users/grzegorzpiwowarek/.m2/repository/com/github/tomakehurst/wiremock-standalone/2.20.0/wiremock-standalone-2.20.0.jar:/Users/grzegorzpiwowarek/.m2/repository/com/rackspace/eclipse/webtools/sourceediting/org.eclipse.wst.xml.xpath2.processor/2.1.100/org.eclipse.wst.xml.xpath2.processor-2.1.100.jar:/Users/grzegorzpiwowarek/.m2/repository/edu/princeton/cup/java-cup/10k/java-cup-10k.jar:/Users/grzegorzpiwowarek/.m2/repository/com/ibm/icu/icu4j/4.6/icu4j-4.6.jar:/Users/grzegorzpiwowarek/.m2/repository/org/codehaus/groovy/groovy/2.5.6/groovy-2.5.6.jar:/Users/grzegorzpiwowarek/.m2/repository/org/codehaus/groovy/groovy-nio/2.5.6/groovy-nio-2.5.6.jar:/Users/grzegorzpiwowarek/.m2/repository/org/codehaus/groovy/groovy-json/2.5.6/groovy-json-2.5.6.jar:/Users/grzegorzpiwowarek/.m2/repository/org/codehaus/groovy/groovy-xml/2.5.6/groovy-xml-2.5.6.jar:/Users/grzegorzpiwowarek/.m2/repository/com/github/jknack/handlebars/4.1.2/handlebars-4.1.2.jar:/Users/grzegorzpiwowarek/.m2/repository/commons-beanutils/commons-beanutils/1.9.3/commons-beanutils-1.9.3.jar:/Users/grzegorzpiwowarek/.m2/repository/commons-logging/commons-logging/1.2/commons-logging-1.2.jar:/Users/grzegorzpiwowarek/.m2/repository/commons-collections/commons-collections/3.2.2/commons-collections-3.2.2.jar:/Users/grzegorzpiwowarek/.m2/repository/com/fasterxml/jackson/dataformat/jackson-dataformat-yaml/2.9.8/jackson-dataformat-yaml-2.9.8.jar:/Users/grzegorzpiwowarek/.m2/repository/org/junit/jupiter/junit-jupiter-api/5.3.2/junit-jupiter-api-5.3.2.jar:/Users/grzegorzpiwowarek/.m2/repository/org/apiguardian/apiguardian-api/1.0.0/apiguardian-api-1.0.0.jar:/Users/grzegorzpiwowarek/.m2/repository/org/opentest4j/opentest4j/1.1.1/opentest4j-1.1.1.jar:/Users/grzegorzpiwowarek/.m2/repository/org/junit/platform/junit-platform-commons/1.3.2/junit-platform-commons-1.3.2.jar:/Users/grzegorzpiwowarek/.m2/repository/io/rest-assured/rest-assured/3.1.1/rest-assured-3.1.1.jar:/Users/grzegorzpiwowarek/.m2/repository/org/apache/httpcomponents/httpclient/4.5.7/httpclient-4.5.7.jar:/Users/grzegorzpiwowarek/.m2/repository/org/apache/httpcomponents/httpcore/4.4.11/httpcore-4.4.11.jar:/Users/grzegorzpiwowarek/.m2/repository/commons-codec/commons-codec/1.11/commons-codec-1.11.jar:/Users/grzegorzpiwowarek/.m2/repository/org/apache/httpcomponents/httpmime/4.5.7/httpmime-4.5.7.jar:/Users/grzegorzpiwowarek/.m2/repository/org/ccil/cowan/tagsoup/tagsoup/1.2.1/tagsoup-1.2.1.jar:/Users/grzegorzpiwowarek/.m2/repository/io/rest-assured/json-path/3.1.1/json-path-3.1.1.jar:/Users/grzegorzpiwowarek/.m2/repository/io/rest-assured/rest-assured-common/3.1.1/rest-assured-common-3.1.1.jar:/Users/grzegorzpiwowarek/.m2/repository/io/rest-assured/xml-path/3.1.1/xml-path-3.1.1.jar:/Users/grzegorzpiwowarek/.m2/repository/org/apache/commons/commons-lang3/3.8.1/commons-lang3-3.8.1.jar:/Users/grzegorzpiwowarek/.m2/repository/io/rest-assured/spring-mock-mvc/3.1.1/spring-mock-mvc-3.1.1.jar:/Users/grzegorzpiwowarek/.m2/repository/com/toomuchcoding/jsonassert/jsonassert/0.4.13/jsonassert-0.4.13.jar:/Users/grzegorzpiwowarek/.m2/repository/cglib/cglib/3.2.9/cglib-3.2.9.jar:/Users/grzegorzpiwowarek/.m2/repository/org/ow2/asm/asm/7.0/asm-7.0.jar:/Users/grzegorzpiwowarek/.m2/repository/org/apache/ant/ant/1.10.3/ant-1.10.3.jar:/Users/grzegorzpiwowarek/.m2/repository/org/apache/ant/ant-launcher/1.10.3/ant-launcher-1.10.3.jar:/Users/grzegorzpiwowarek/.m2/repository/org/springframework/cloud/spring-cloud-starter-contract-stub-runner/2.1.0.RELEASE/spring-cloud-starter-contract-stub-runner-2.1.0.RELEASE.jar:/Users/grzegorzpiwowarek/.m2/repository/org/springframework/cloud/spring-cloud-contract-stub-runner/2.1.0.RELEASE/spring-cloud-contract-stub-runner-2.1.0.RELEASE.jar:/Users/grzegorzpiwowarek/.m2/repository/org/springframework/cloud/spring-cloud-contract-shade/2.1.0.RELEASE/spring-cloud-contract-shade-2.1.0.RELEASE.jar:/Users/grzegorzpiwowarek/.m2/repository/org/eclipse/jgit/org.eclipse.jgit/5.1.3.201810200350-r/org.eclipse.jgit-5.1.3.201810200350-r.jar:/Users/grzegorzpiwowarek/.m2/repository/com/jcraft/jsch/0.1.54/jsch-0.1.54.jar:/Users/grzegorzpiwowarek/.m2/repository/com/jcraft/jzlib/1.1.1/jzlib-1.1.1.jar:/Users/grzegorzpiwowarek/.m2/repository/com/googlecode/javaewah/JavaEWAH/1.1.6/JavaEWAH-1.1.6.jar:/Users/grzegorzpiwowarek/.m2/repository/com/jcraft/jsch.agentproxy.sshagent/0.0.9/jsch.agentproxy.sshagent-0.0.9.jar:/Users/grzegorzpiwowarek/.m2/repository/com/jcraft/jsch.agentproxy.core/0.0.9/jsch.agentproxy.core-0.0.9.jar:/Users/grzegorzpiwowarek/.m2/repository/com/jcraft/jsch.agentproxy.jsch/0.0.9/jsch.agentproxy.jsch-0.0.9.jar:/Users/grzegorzpiwowarek/.m2/repository/com/jcraft/jsch.agentproxy.usocket-jna/0.0.9/jsch.agentproxy.usocket-jna-0.0.9.jar:/Users/grzegorzpiwowarek/.m2/repository/net/java/dev/jna/jna/4.5.2/jna-4.5.2.jar:/Users/grzegorzpiwowarek/.m2/repository/net/java/dev/jna/jna-platform/4.5.2/jna-platform-4.5.2.jar:/Users/grzegorzpiwowarek/.m2/repository/org/springframework/cloud/spring-cloud-contract-wiremock/2.1.0.RELEASE/spring-cloud-contract-wiremock-2.1.0.RELEASE.jar:/Users/grzegorzpiwowarek/.m2/repository/org/eclipse/aether/aether-api/1.1.0/aether-api-1.1.0.jar:"/>
    <property name="sun.cpu.endian" value="little"/>
    <property name="user.home" value="/Users/grzegorzpiwowarek"/>
    <property name="user.language" value="en"/>
    <property name="java.specification.vendor" value="Oracle Corporation"/>
    <property name="java.version.date" value="2019-01-15"/>
    <property name="java.home" value="/Library/Java/JavaVirtualMachines/jdk-11.0.2.jdk/Contents/Home"/>
    <property name="file.separator" value="/"/>
    <property name="basedir" value="/Users/grzegorzpiwowarek/Dev/workshop/cpg_sa/movie-details-service"/>
    <property name="java.vm.compressedOopsMode" value="Zero based"/>
    <property name="line.separator" value="&#10;"/>
    <property name="java.specification.name" value="Java Platform API Specification"/>
    <property name="java.vm.specification.vendor" value="Oracle Corporation"/>
    <property name="java.awt.graphicsenv" value="sun.awt.CGraphicsEnvironment"/>
    <property name="surefire.real.class.path" value="/Users/grzegorzpiwowarek/Dev/workshop/cpg_sa/movie-details-service/target/surefire/surefirebooter14166718366940764664.jar"/>
    <property name="sun.management.compiler" value="HotSpot 64-Bit Tiered Compilers"/>
    <property name="java.runtime.version" value="11.0.2+9-LTS"/>
    <property name="user.name" value="grzegorzpiwowarek"/>
    <property name="path.separator" value=":"/>
    <property name="os.version" value="10.14.3"/>
    <property name="java.runtime.name" value="Java(TM) SE Runtime Environment"/>
    <property name="file.encoding" value="US-ASCII"/>
    <property name="java.vm.name" value="Java HotSpot(TM) 64-Bit Server VM"/>
    <property name="java.vendor.version" value="18.9"/>
    <property name="localRepository" value="/Users/grzegorzpiwowarek/.m2/repository"/>
    <property name="java.vendor.url.bug" value="http://bugreport.java.com/bugreport/"/>
    <property name="java.io.tmpdir" value="/var/folders/1q/2tgg465j37q9q6jtwrlxbhp40000gy/T/"/>
    <property name="java.version" value="11.0.2"/>
    <property name="user.dir" value="/Users/grzegorzpiwowarek/Dev/workshop/cpg_sa/movie-details-service"/>
    <property name="os.arch" value="x86_64"/>
    <property name="java.vm.specification.name" value="Java Virtual Machine Specification"/>
    <property name="java.awt.printerjob" value="sun.lwawt.macosx.CPrinterJob"/>
    <property name="sun.os.patch.level" value="unknown"/>
    <property name="java.library.path" value="/Users/grzegorzpiwowarek/Library/Java/Extensions:/Library/Java/Extensions:/Network/Library/Java/Extensions:/System/Library/Java/Extensions:/usr/lib/java:."/>
    <property name="java.vendor" value="Oracle Corporation"/>
    <property name="java.vm.info" value="mixed mode"/>
    <property name="java.vm.version" value="11.0.2+9-LTS"/>
    <property name="sun.io.unicode.encoding" value="UnicodeBig"/>
    <property name="java.class.version" value="55.0"/>
  </properties>
  <testcase name="validate_shouldReturnEmptyObjectWhenNothingFound" classname="com.pivovarit.movies.ContractVerifierTest" time="1.019"/>
  <testcase name="validate_shouldReturnMovieDetails" classname="com.pivovarit.movies.ContractVerifierTest" time="0.547"/>
</testsuite>